\BOOKMARK [1][]{toc.1}{\376\377\003\240\003\265\003\301\003\271\003\265\003\307\003\314\003\274\003\265\003\275\003\261}{}% 1
\BOOKMARK [1][]{section*.3}{\376\377\003\225\003\300\003\271\003\300\003\273\003\255\003\277\003\275\000\040\003\233\003\305\003\274\003\255\003\275\003\265\003\302\000\040\003\221\003\303\003\272\003\256\003\303\003\265\003\271\003\302}{}% 2
\BOOKMARK [1][]{exercises1.1}{\376\377\003\221\003\303\003\272\003\256\003\303\003\265\003\271\003\302\000\040\0003\000.\0006\000.\0003}{}% 3
\BOOKMARK [1][]{exercises2.1}{\376\377\003\206\003\303\003\272\003\267\003\303\003\267\000\040\0003\000.\0005\000.\0008}{}% 4
\BOOKMARK [1][]{exercises3.1}{\376\377\003\206\003\303\003\272\003\267\003\303\003\267\000\040\0003\000.\0006\000.\0009}{}% 5
\BOOKMARK [1][]{theorems1.1}{\376\377\003\230\003\265\003\311\003\301\003\256\003\274\003\261\003\304\003\261\000\040\000\046\000\040\003\243\003\305\003\274\003\300\003\265\003\301\003\254\003\303\003\274\003\261\003\304\003\261}{}% 6
\BOOKMARK [1][]{exercises5.1}{\376\377\003\206\003\303\003\272\003\267\003\303\003\267\000\040\0003\000.\0006\000.\0001}{}% 7
\BOOKMARK [1][]{exercises6.1}{\376\377\003\206\003\303\003\272\003\267\003\303\003\267\000\040\0003\000.\0006\000.\0005}{}% 8
\BOOKMARK [1][]{exercises7.1}{\376\377\003\206\003\303\003\272\003\267\003\303\003\267\000\040\0003\000.\0006\000.\0001\0000}{}% 9
\BOOKMARK [1][]{exercises8.1}{\376\377\003\206\003\303\003\272\003\267\003\303\003\267\000\040\0003\000.\0006\000.\0008}{}% 10
\BOOKMARK [1][]{exercises9.1}{\376\377\003\206\003\303\003\272\003\267\003\303\003\267\000\040\0003\000.\0006\000.\0001\0004}{}% 11
\BOOKMARK [1][]{exercises10.1}{\376\377\003\206\003\303\003\272\003\267\003\303\003\267\000\040\0003\000.\0006\000.\0002\0001}{}% 12
\BOOKMARK [1][]{exercises11.1}{\376\377\003\206\003\303\003\272\003\267\003\303\003\267\000\040\0003\000.\0006\000.\0001\0007}{}% 13
\BOOKMARK [1][]{shipping_prob.1}{\376\377\003\240\003\301\003\314\003\262\003\273\003\267\003\274\003\261\000\040\003\225\003\306\003\277\003\300\003\273\003\271\003\303\003\304\003\271\003\272\003\256\003\302\000\040\003\225\003\304\003\261\003\271\003\301\003\265\003\257\003\261\003\302}{}% 14
\BOOKMARK [1][]{exercises13.1}{\376\377\003\206\003\303\003\272\003\267\003\303\003\267\000\040\0003\000.\0006\000.\0002\0002}{}% 15
\BOOKMARK [1][]{exercises14.1}{\376\377\003\206\003\303\003\272\003\267\003\303\003\267\000\040\0003\000.\0006\000.\0002\0004}{}% 16
\BOOKMARK [1][]{theory5.1}{\376\377\003\232\003\265\003\306\003\254\003\273\003\261\003\271\003\277\000\040\0005}{}% 17
\BOOKMARK [1][]{algorithms.1}{\376\377\003\221\003\273\003\263\003\314\003\301\003\271\003\270\003\274\003\277\003\271}{}% 18
\BOOKMARK [1][]{quadratic_interp.1}{\376\377\003\244\003\265\003\304\003\301\003\261\003\263\003\311\003\275\003\271\003\272\003\256\000\040\003\240\003\261\003\301\003\265\003\274\003\262\003\277\003\273\003\256}{}% 19
\BOOKMARK [1][]{minkowski.1}{\376\377\003\221\003\275\003\271\003\303\003\314\003\304\003\267\003\304\003\261\000\040\000M\000i\000n\000k\000o\000w\000s\000k\000i}{}% 20
\BOOKMARK [1][]{ch5_exercises.1}{\376\377\003\221\003\303\003\272\003\256\003\303\003\265\003\271\003\302\000\040\003\232\003\265\003\306\000.\000\040\0005}{}% 21
\BOOKMARK [1][]{last15.1}{\376\377\003\244\003\265\003\273\003\265\003\305\003\304\003\261\003\257\003\261\000\040\0001\0005\000\040\003\230\003\255\003\274\003\261\003\304\003\261}{}% 22
\BOOKMARK [1][]{section*.26}{\376\377\003\230\003\255\003\274\003\261\003\304\003\261\000\040\003\225\003\276\003\265\003\304\003\254\003\303\003\265\003\311\003\275}{}% 23
\BOOKMARK [1][]{iounios2014.1}{\376\377\003\231\003\277\003\315\003\275\003\271\003\277\003\302\000\040\0002\0000\0001\0004}{}% 24
\BOOKMARK [1][]{ioulios2018.1}{\376\377\003\231\003\277\003\315\003\273\003\271\003\277\003\302\000\040\0002\0000\0001\0008}{}% 25
\BOOKMARK [1][]{febrouarios2020.1}{\376\377\003\246\003\265\003\262\003\301\003\277\003\305\003\254\003\301\003\271\003\277\003\302\000\040\0002\0000\0002\0000}{}% 26
\BOOKMARK [1][]{fevrouarios2021.1}{\376\377\003\246\003\265\003\262\003\301\003\277\003\305\003\254\003\301\003\271\003\277\003\302\000\040\0002\0000\0002\0001}{}% 27
\BOOKMARK [1][]{septembrios2021.1}{\376\377\003\243\003\265\003\300\003\304\003\255\003\274\003\262\003\301\003\271\003\277\003\302\000\040\0002\0000\0002\0001}{}% 28
\BOOKMARK [1][]{fevrouarios2022.1}{\376\377\003\246\003\265\003\262\003\301\003\277\003\305\003\254\003\301\003\271\003\277\003\302\000\040\0002\0000\0002\0002}{}% 29
\BOOKMARK [1][]{iounios2022.1}{\376\377\003\231\003\277\003\315\003\275\003\271\003\277\003\302\000\040\0002\0000\0002\0002}{}% 30
\BOOKMARK [1][]{septembrios2022.1}{\376\377\003\243\003\265\003\300\003\304\003\255\003\274\003\262\003\301\003\271\003\277\003\302\000\040\0002\0000\0002\0002}{}% 31
\BOOKMARK [1][]{fevrouarios2023.1}{\376\377\003\246\003\265\003\262\003\301\003\277\003\305\003\254\003\301\003\271\003\277\003\302\000\040\0002\0000\0002\0003}{}% 32
\BOOKMARK [1][]{iounios2023.1}{\376\377\003\231\003\277\003\315\003\275\003\271\003\277\003\302\000\040\0002\0000\0002\0003}{}% 33
\BOOKMARK [1][]{septembrios2023.1}{\376\377\003\243\003\265\003\300\003\304\003\255\003\274\003\262\003\301\003\271\003\277\003\302\000\040\0002\0000\0002\0003}{}% 34
\BOOKMARK [1][]{iounios2024.1}{\376\377\003\231\003\277\003\315\003\275\003\271\003\277\003\302\000\040\0002\0000\0002\0004}{}% 35
\BOOKMARK [1][]{septembrios2024.1}{\376\377\003\243\003\265\003\300\003\304\003\255\003\274\003\262\003\301\003\271\003\277\003\302\000\040\0002\0000\0002\0004}{}% 36
\BOOKMARK [1][]{fevrouarios2025.1}{\376\377\003\246\003\265\003\262\003\301\003\277\003\305\003\254\003\301\003\271\003\277\003\302\000\040\0002\0000\0002\0005}{}% 37
\BOOKMARK [1][]{ioulios2025.1}{\376\377\003\231\003\277\003\315\003\273\003\271\003\277\003\302\000\040\0002\0000\0002\0005}{}% 38
\BOOKMARK [1][]{septembrios2025.1}{\376\377\003\243\003\265\003\300\003\304\003\255\003\274\003\262\003\301\003\271\003\277\003\302\000\040\0002\0000\0002\0005}{}% 39
